Performing C SOURCE FILE Test CMAKE_HAVE_LIBC_PTHREAD failed with the following output:
Change Dir: /home/jungsu/catkin_ws/src/get_aurco_pose/cmake-build-debug/CMakeFiles/CMakeTmp

Run Build Command(s):/usr/bin/make cmTC_7dfeb/fast && /usr/bin/make  -f CMakeFiles/cmTC_7dfeb.dir/build.make CMakeFiles/cmTC_7dfeb.dir/build
make[1]: 디렉터리 '/home/jungsu/catkin_ws/src/get_aurco_pose/cmake-build-debug/CMakeFiles/CMakeTmp' 들어감
Building C object CMakeFiles/cmTC_7dfeb.dir/src.c.o
/usr/bin/cc   -DCMAKE_HAVE_LIBC_PTHREAD   -o CMakeFiles/cmTC_7dfeb.dir/src.c.o   -c /home/jungsu/catkin_ws/src/get_aurco_pose/cmake-build-debug/CMakeFiles/CMakeTmp/src.c
Linking C executable cmTC_7dfeb
/home/jungsu/clion-2020.2/bin/cmake/linux/bin/cmake -E cmake_link_script CMakeFiles/cmTC_7dfeb.dir/link.txt --verbose=1
/usr/bin/cc  -DCMAKE_HAVE_LIBC_PTHREAD    -rdynamic CMakeFiles/cmTC_7dfeb.dir/src.c.o  -o cmTC_7dfeb 
CMakeFiles/cmTC_7dfeb.dir/src.c.o: In function `main':
src.c:(.text+0x3c): undefined reference to `pthread_create'
src.c:(.text+0x48): undefined reference to `pthread_detach'
src.c:(.text+0x54): undefined reference to `pthread_cancel'
src.c:(.text+0x65): undefined reference to `pthread_join'
src.c:(.text+0x79): undefined reference to `pthread_atfork'
collect2: error: ld returned 1 exit status
CMakeFiles/cmTC_7dfeb.dir/build.make:106: 'cmTC_7dfeb' 타겟에 대한 명령이 실패했습니다
make[1]: *** [cmTC_7dfeb] 오류 1
make[1]: 디렉터리 '/home/jungsu/catkin_ws/src/get_aurco_pose/cmake-build-debug/CMakeFiles/CMakeTmp' 나감
Makefile:141: 'cmTC_7dfeb/fast' 타겟에 대한 명령이 실패했습니다
make: *** [cmTC_7dfeb/fast] 오류 2


Source file was:
#include <pthread.h>

void* test_func(void* data)
{
  return data;
}

int main(void)
{
  pthread_t thread;
  pthread_create(&thread, NULL, test_func, NULL);
  pthread_detach(thread);
  pthread_cancel(thread);
  pthread_join(thread, NULL);
  pthread_atfork(NULL, NULL, NULL);
  pthread_exit(NULL);

  return 0;
}

Determining if the function pthread_create exists in the pthreads failed with the following output:
Change Dir: /home/jungsu/catkin_ws/src/get_aurco_pose/cmake-build-debug/CMakeFiles/CMakeTmp

Run Build Command(s):/usr/bin/make cmTC_ae65f/fast && /usr/bin/make  -f CMakeFiles/cmTC_ae65f.dir/build.make CMakeFiles/cmTC_ae65f.dir/build
make[1]: 디렉터리 '/home/jungsu/catkin_ws/src/get_aurco_pose/cmake-build-debug/CMakeFiles/CMakeTmp' 들어감
Building C object CMakeFiles/cmTC_ae65f.dir/CheckFunctionExists.c.o
/usr/bin/cc   -DCHECK_FUNCTION_EXISTS=pthread_create   -o CMakeFiles/cmTC_ae65f.dir/CheckFunctionExists.c.o   -c /home/jungsu/clion-2020.2/bin/cmake/linux/share/cmake-3.17/Modules/CheckFunctionExists.c
Linking C executable cmTC_ae65f
/home/jungsu/clion-2020.2/bin/cmake/linux/bin/cmake -E cmake_link_script CMakeFiles/cmTC_ae65f.dir/link.txt --verbose=1
/usr/bin/cc  -DCHECK_FUNCTION_EXISTS=pthread_create    -rdynamic CMakeFiles/cmTC_ae65f.dir/CheckFunctionExists.c.o  -o cmTC_ae65f  -lpthreads 
/usr/bin/ld: cannot find -lpthreads
collect2: error: ld returned 1 exit status
CMakeFiles/cmTC_ae65f.dir/build.make:106: 'cmTC_ae65f' 타겟에 대한 명령이 실패했습니다
make[1]: *** [cmTC_ae65f] 오류 1
make[1]: 디렉터리 '/home/jungsu/catkin_ws/src/get_aurco_pose/cmake-build-debug/CMakeFiles/CMakeTmp' 나감
Makefile:141: 'cmTC_ae65f/fast' 타겟에 대한 명령이 실패했습니다
make: *** [cmTC_ae65f/fast] 오류 2



